Event
checkout.session.completed
Event ID
evt_1SaNvkK2jXuOCApmrX4HyPdk
Origin date
Dec 3, 2025, 1:49:48 PM PST
Source
Automatic
API version
2025-08-27.basil
Description
A Checkout Session was completed
Deliveries to webhook endpoints
Attempts to send this event to your webhook endpoints in the past 15 days.
All
Succeeded
Failed

307 ERR
https://extrasensory.studio/api/webhooks/stripe
Next retry in in 51 minutes
Resend
307 ERR
Temporary Redirect
Retried automatically
Dec 3, 2025, 1:50:04 PM
307 ERR
Temporary Redirect
Dec 3, 2025, 1:49:48 PM
Deliveries to connected platforms
Attempts to send this event to connected platform endpoints in the past 15 days.
All
Succeeded
Failed
No recent delivery attempts
Deliveries to local listeners
Attempts to send this event to your CLI local listeners in the past 7 days.
All
Succeeded
Failed
No recent delivery attempts
Event data
{
"object": {
"id": 
"cs_live_a1n2jXJ34UYDdSIydjV4Uz49ueF1AVnXSARgfpMni7SHf1N5JkXcYpAXf5",
"object": 
"checkout.session",
"adaptive_pricing": {
"enabled": 
true,
},
"after_expiration": 
null,
"allow_promotion_codes": 
null,
"amount_subtotal": 
0,
"amount_total": 
0,
"automatic_tax": {
"enabled": 
false,
"liability": 
null,
"provider": 
null,
"status": 
null,
},
"billing_address_collection": 
null,
"branding_settings": {
"background_color": 
"#ffffff",
"border_style": 
"rounded",
"button_color": 
"#0074d4",
"display_name": 
"Erik Parr",
"font_family": 
"default",
"icon": 
null,
"logo": 
null,
},
"cancel_url": 
"https://extrasensory.studio/shop",
"client_reference_id": 
null,
"client_secret": 
null,
"collected_information": 
null,
"consent": 
null,
"consent_collection": 
null,
"created": 
1764798583
,
"currency": 
"usd",
"currency_conversion": 
null,
"custom_fields": [],
"custom_text": {
"after_submit": 
null,
"shipping_address": 
null,
"submit": 
null,
"terms_of_service_acceptance": 
null,
},
"customer": 
null,
"customer_creation": 
"if_required",
"customer_details": {
"address": 
null,
"business_name": 
null,
"email": 
"billing@erikparr.com",
"individual_name": 
null,
"name": 
null,
"phone": 
null,
"tax_exempt": 
"none",
"tax_ids": [],
},
"customer_email": 
null,
"discounts": [],
"expires_at": 
1764884983
,
"invoice": 
null,
"invoice_creation": {
"enabled": 
false,
"invoice_data": {
"account_tax_ids": 
null,
"custom_fields": 
null,
"description": 
null,
"footer": 
null,
"issuer": 
null,
"metadata": {},
"rendering_options": 
null,
},
},
"livemode": 
true,
"locale": 
null,
"metadata": {
"countryCode": 
"",
"couponCode": 
"ABRACADABRA11",
"pppDiscount": 
"0",
"productId": 
"midi-warp",
"promoCode": 
"ABRACADABRA11",
},
"mode": 
"payment",
"origin_context": 
null,
"payment_intent": 
null,
"payment_link": 
null,
"payment_method_collection": 
"if_required",
"payment_method_configuration_details": 
null,
"payment_method_options": {
"card": {
"request_three_d_secure": 
"automatic",
},
},
"payment_method_types": [
"card",
],
"payment_status": 
"paid",
"permissions": 
null,
"phone_number_collection": {
"enabled": 
false,
},
"recovered_from": 
null,
"saved_payment_method_options": 
null,
"setup_intent": 
null,
"shipping_address_collection": 
null,
"shipping_cost": 
null,
"shipping_options": [],
"status": 
"complete",
"submit_type": 
null,
"subscription": 
null,
"success_url": 
"https://extrasensory.studio/success?session_id={CHECKOUT_SESSION_ID}&product_id=midi-warp",
"total_details": {
"amount_discount": 
0,
"amount_shipping": 
0,
"amount_tax": 
0,
},
"ui_mode": 
"hosted",
"url": 
null,
"wallet_options": 
null,
},
"previous_attributes": 
null,
